Loaded 574,264 existing records

Fetching GBIF Aves...
  Aves: 5,064,931 total, targeting 100,000 records
    Aves: 0 collected
    Aves: 0 collected
    Aves: 0 collected
    Aves: 0 collected
    Aves: 0 collected
    Aves: 0 collected
    Aves: 0 collected
    Aves: 0 collected
    Aves: 0 collected
    Aves: 0 collected
    Aves: 0 collected
    Aves: 0 collected
    Aves: 0 collected
    Aves: 0 collected
    Aves: 0 collected
    Aves: 0 collected
    Aves: 3,000 collected
    Aves: 6,000 collected
    Aves: 9,000 collected
    Aves: 12,000 collected
    Error at offset 18300: Response payload is not completed: <TransferEncodingError: 400, message='Not enough data to satisfy transfer length header.'>. ConnectionResetError(54, 'Connection reset by peer') (1/5)
    Error at offset 18900: Response payload is not completed: <TransferEncodingError: 400, message='Not enough data to satisfy transfer length header.'>. ConnectionResetError(54, 'Connection reset by peer') (1/5)
    Error at offset 19500: Response payload is not completed: <TransferEncodingError: 400, message='Not enough data to satisfy transfer length header.'>. ConnectionResetError(54, 'Connection reset by peer') (1/5)
    Error at offset 20100: timeout (1/5)
    Aves: 15,000 collected
    Aves: 18,000 collected
    Aves: 21,000 collected
    Aves: 24,000 collected
    Aves: 27,000 collected
    Aves: 30,000 collected
    Aves: 33,000 collected
    Aves: 36,000 collected
    Aves: 39,000 collected
    Aves: 42,000 collected
    Error at offset 50100: timeout (1/5)
    Aves: 45,000 collected
    Aves: 48,000 collected
    Aves: 51,000 collected
    Aves: 54,000 collected
    Error at offset 60600: Response payload is not completed: <TransferEncodingError: 400, message='Not enough data to satisfy transfer length header.'>. ConnectionResetError(54, 'Connection reset by peer') (1/5)
    Aves: 57,000 collected
    Aves: 60,000 collected
    Aves: 63,000 collected
    Aves: 66,000 collected
    Aves: 69,000 collected
    Aves: 72,000 collected
    Error at offset 80700: timeout (1/5)
    Error at offset 81300: timeout (1/5)
    Error at offset 82200: Response payload is not completed: <TransferEncodingError: 400, message='Not enough data to satisfy transfer length header.'>. ConnectionResetError(54, 'Connection reset by peer') (1/5)
    Aves: 75,000 collected
    Error at offset 82800: Response payload is not completed: <TransferEncodingError: 400, message='Not enough data to satisfy transfer length header.'>. ConnectionResetError(54, 'Connection reset by peer') (1/5)
    Error at offset 83400: Response payload is not completed: <TransferEncodingError: 400, message='Not enough data to satisfy transfer length header.'>. ConnectionResetError(54, 'Connection reset by peer') (1/5)
    Error at offset 85500: Response payload is not completed: <TransferEncodingError: 400, message='Not enough data to satisfy transfer length header.'>. ConnectionResetError(54, 'Connection reset by peer') (1/5)
    Error at offset 86100: Response payload is not completed: <TransferEncodingError: 400, message='Not enough data to satisfy transfer length header.'>. ConnectionResetError(54, 'Connection reset by peer') (1/5)
    Error at offset 86700: Response payload is not completed: <TransferEncodingError: 400, message='Not enough data to satisfy transfer length header.'>. ConnectionResetError(54, 'Connection reset by peer') (1/5)
    Aves: 78,000 collected
    Error at offset 87300: Response payload is not completed: <TransferEncodingError: 400, message='Not enough data to satisfy transfer length header.'>. ConnectionResetError(54, 'Connection reset by peer') (1/5)
    Error at offset 87900: Response payload is not completed: <TransferEncodingError: 400, message='Not enough data to satisfy transfer length header.'>. ConnectionResetError(54, 'Connection reset by peer') (1/5)
    Error at offset 88500: Response payload is not completed: <TransferEncodingError: 400, message='Not enough data to satisfy transfer length header.'>. ConnectionResetError(54, 'Connection reset by peer') (1/5)
    Error at offset 89100: Response payload is not completed: <TransferEncodingError: 400, message='Not enough data to satisfy transfer length header.'>. ConnectionResetError(54, 'Connection reset by peer') (1/5)
    Error at offset 89700: timeout (1/5)
    Error at offset 90300: Response payload is not completed: <TransferEncodingError: 400, message='Not enough data to satisfy transfer length header.'>. ConnectionResetError(54, 'Connection reset by peer') (1/5)
    Error at offset 90900: timeout (1/5)
    Error at offset 91200: timeout (2/5)
    Error at offset 91800: Response payload is not completed: <TransferEncodingError: 400, message='Not enough data to satisfy transfer length header.'>. ConnectionResetError(54, 'Connection reset by peer') (1/5)
    Error at offset 92400: timeout (1/5)
    Error at offset 92700: timeout (2/5)
    Error at offset 93300: Response payload is not completed: <TransferEncodingError: 400, message='Not enough data to satisfy transfer length header.'>. ConnectionResetError(54, 'Connection reset by peer') (1/5)
    Aves: 81,000 collected
    Error at offset 93900: Response payload is not completed: <TransferEncodingError: 400, message='Not enough data to satisfy transfer length header.'>. ConnectionResetError(54, 'Connection reset by peer') (1/5)
    Error at offset 94500: Response payload is not completed: <TransferEncodingError: 400, message='Not enough data to satisfy transfer length header.'>. ConnectionResetError(54, 'Connection reset by peer') (1/5)
    Aves: 84,000 collected
    Error at offset 99000: Response payload is not completed: <TransferEncodingError: 400, message='Not enough data to satisfy transfer length header.'>. ConnectionResetError(54, 'Connection reset by peer') (1/5)
    Error at offset 99600: Response payload is not completed: <TransferEncodingError: 400, message='Not enough data to satisfy transfer length header.'>. ConnectionResetError(54, 'Connection reset by peer') (1/5)
    Error at offset 99900: status_400 (2/5)
    Hit offset limit at 100,200
  Aves: Completed with 85,800 new records
  Checkpoint saved: 660,064 total records

Fetching GBIF Insecta...
  Insecta: 141,937 total, targeting 100,000 records
    Insecta: 0 collected
    Insecta: 0 collected
    Insecta: 0 collected
    Insecta: 0 collected
    Insecta: 0 collected
    Insecta: 0 collected
    Insecta: 0 collected
    Insecta: 0 collected
    Insecta: 0 collected
    Insecta: 0 collected
    Insecta: 0 collected
    Insecta: 0 collected
    Insecta: 0 collected
    Insecta: 0 collected
    Insecta: 0 collected
    Insecta: 0 collected
    Insecta: 3,000 collected
    Error at offset 10200: Response payload is not completed: <TransferEncodingError: 400, message='Not enough data to satisfy transfer length header.'>. ConnectionResetError(54, 'Connection reset by peer') (1/5)
    Error at offset 10500: Response payload is not completed: <TransferEncodingError: 400, message='Not enough data to satisfy transfer length header.'>. ConnectionResetError(54, 'Connection reset by peer') (2/5)
    Error at offset 10800: Response payload is not completed: <TransferEncodingError: 400, message='Not enough data to satisfy transfer length header.'>. ConnectionResetError(54, 'Connection reset by peer') (3/5)
    Error at offset 11100: Response payload is not completed: <TransferEncodingError: 400, message='Not enough data to satisfy transfer length header.'>. ConnectionResetError(54, 'Connection reset by peer') (4/5)
    Error at offset 11400: timeout (5/5)
    Stopping Insecta after 5 consecutive errors
  Insecta: Completed with 5,100 new records
  Checkpoint saved: 665,164 total records

Fetching GBIF Plantae...
  Plantae: 92,773 total, targeting 92,773 records
    Plantae: 0 collected
    Plantae: 0 collected
    Plantae: 0 collected
    Plantae: 0 collected
    Plantae: 0 collected
    Plantae: 0 collected
    Plantae: 0 collected
    Plantae: 0 collected
    Plantae: 0 collected
    Plantae: 0 collected
    Plantae: 0 collected
    Plantae: 0 collected
    Plantae: 0 collected
    Plantae: 0 collected
    Plantae: 0 collected
    Plantae: 0 collected
    Plantae: 3,000 collected
    Error at offset 10200: Response payload is not completed: <TransferEncodingError: 400, message='Not enough data to satisfy transfer length header.'>. ConnectionResetError(54, 'Connection reset by peer') (1/5)
    Error at offset 10800: timeout (1/5)
    Error at offset 11400: timeout (1/5)
    Error at offset 11700: timeout (2/5)
    Error at offset 12000: timeout (3/5)
    Error at offset 12300: timeout (4/5)
    Plantae: 6,000 collected
    Error at offset 14100: timeout (1/5)
    Error at offset 14400: timeout (2/5)
    Plantae: 9,000 collected
    Plantae: 12,000 collected
    Plantae: 15,000 collected
    Plantae: 18,000 collected
    Plantae: 21,000 collected
    Plantae: 24,000 collected
    Plantae: 27,000 collected
    Error at offset 36600: Response payload is not completed: <TransferEncodingError: 400, message='Not enough data to satisfy transfer length header.'> (1/5)
    Error at offset 36900: timeout (2/5)
    Error at offset 37200: timeout (3/5)
    Error at offset 37800: timeout (1/5)
    Error at offset 38100: timeout (2/5)
    Error at offset 38700: Cannot connect to host api.gbif.org:443 ssl:<ssl.SSLContext object at 0x10a482dd0> [Connection reset by peer] (1/5)
    Plantae: 30,000 collected
    Plantae: 33,000 collected
    Plantae: 36,000 collected
    Plantae: 39,000 collected
    Plantae: 42,000 collected
    Plantae: 45,000 collected
    Plantae: 48,000 collected
    Plantae: 51,000 collected
    Plantae: 54,000 collected
    Plantae: 57,000 collected
    Plantae: 60,000 collected
    Plantae: 63,000 collected
    Error at offset 73800: timeout (1/5)
    Plantae: 66,000 collected
    Plantae: 69,000 collected
    Plantae: 72,000 collected
    Plantae: 75,000 collected
  Plantae: Completed with 83,172 new records
  Checkpoint saved: 748,336 total records

Fetching GBIF Mammalia...
  Mammalia: 19,680 total, targeting 19,680 records
    Mammalia: 0 collected
    Mammalia: 0 collected
    Mammalia: 0 collected
    Mammalia: 0 collected
    Mammalia: 0 collected
    Mammalia: 0 collected
    Mammalia: 0 collected
    Mammalia: 0 collected
    Mammalia: 0 collected
    Mammalia: 0 collected
    Mammalia: 0 collected
    Mammalia: 0 collected
    Mammalia: 0 collected
    Mammalia: 0 collected
    Mammalia: 0 collected
    Mammalia: 0 collected
    Mammalia: 3,000 collected
    Mammalia: 6,000 collected
    Error at offset 12000: timeout (1/5)
    Error at offset 14100: timeout (1/5)
    Error at offset 14400: timeout (2/5)
    Error at offset 14700: timeout (3/5)
    Error at offset 15000: timeout (4/5)
    Error at offset 15300: timeout (5/5)
    Stopping Mammalia after 5 consecutive errors
  Mammalia: Completed with 8,700 new records
  Checkpoint saved: 757,036 total records

Fetching GBIF Reptilia...
  Reptilia: 0 total, targeting 0 records
  Reptilia: Completed with 0 new records

Fetching GBIF Amphibia...
  Amphibia: 2,002 total, targeting 2,002 records
    Amphibia: 0 collected
    Amphibia: 0 collected
    Amphibia: 0 collected
    Amphibia: 0 collected
    Amphibia: 0 collected
    Amphibia: 0 collected
    Amphibia: 0 collected
  Amphibia: Completed with 0 new records

Fetching GBIF Fungi...
  Fungi: 5,608 total, targeting 5,608 records
    Fungi: 0 collected
    Fungi: 0 collected
    Fungi: 0 collected
    Fungi: 0 collected
    Fungi: 0 collected
    Fungi: 0 collected
    Fungi: 0 collected
    Fungi: 0 collected
    Fungi: 0 collected
    Fungi: 0 collected
    Fungi: 0 collected
    Fungi: 0 collected
    Fungi: 0 collected
    Fungi: 0 collected
    Fungi: 0 collected
    Fungi: 0 collected
  Fungi: Completed with 508 new records
  Checkpoint saved: 757,544 total records

Fetching GBIF Arachnida...
  Arachnida: 7,196 total, targeting 7,196 records
    Arachnida: 0 collected
    Arachnida: 0 collected
    Arachnida: 0 collected
    Arachnida: 0 collected
    Arachnida: 0 collected
    Arachnida: 0 collected
    Arachnida: 0 collected
    Arachnida: 0 collected
    Arachnida: 0 collected
    Arachnida: 0 collected
    Arachnida: 0 collected
    Arachnida: 0 collected
    Arachnida: 0 collected
    Arachnida: 0 collected
    Arachnida: 0 collected
    Arachnida: 0 collected
  Arachnida: Completed with 2,096 new records
  Checkpoint saved: 759,640 total records

✅ Complete! 759,640 total records saved
